<component name="libraryTable">
  <library name="junit-4.11-beta-1">
    <CLASSES>
      <root url="jar://$PROJECT_DIR$/lib/junit-4.11-beta-1.jar!/" />
    </CLASSES>
    <JAVADOC />
    <SOURCES />
  </library>
</component>